Loading mvapich2/gcc13.2/2.3.7
  Loading requirement: gcc/13.2.0

-----------------------Question 3.1---------------------------

Process 0
90	100	110	120	
202	228	254	280	
314	356	398	440	
426	484	542	600	

--------------------------------------------------
Process 1
90	100	110	120	
202	228	254	280	
314	356	398	440	
426	484	542	600	

--------------------------------------------------
Process 2
90	100	110	120	
202	228	254	280	
314	356	398	440	
426	484	542	600	

--------------------------------------------------
Process 3
90	100	110	120	
202	228	254	280	
314	356	398	440	
426	484	542	600	

--------------------------------------------------
For 4 processes and 4 dimensions, time elapsed during the job: 0.00044s.
